/*C13*/SET SCHEMA PUBLIC
alter table mydata_msgdatas drop constraint UK_prho5o8y4wtlvnq5e0e7k3ly5
alter table mydata_msgdatas add constraint UK_prho5o8y4wtlvnq5e0e7k3ly5 unique (msgdatas_id)
INSERT INTO SUICA VALUES(1,'2019-11-15 16:07:49.861179','0:00:00','0114b573cd14ba33','0:0:0','\u767b\u9332','\u7531\u4e95\u5e83\u8a18')
ALTER SEQUENCE PUBLIC.HIBERNATE_SEQUENCE RESTART WITH 2
COMMIT
DISCONNECT
/*C14*/SET SCHEMA PUBLIC
DISCONNECT
/*C15*/SET SCHEMA PUBLIC
DISCONNECT
/*C16*/SET SCHEMA PUBLIC
DISCONNECT
/*C17*/SET SCHEMA PUBLIC
DISCONNECT
/*C18*/SET SCHEMA PUBLIC
DISCONNECT
/*C19*/SET SCHEMA PUBLIC
DISCONNECT
/*C20*/SET SCHEMA PUBLIC
DISCONNECT
/*C21*/SET SCHEMA PUBLIC
DISCONNECT
/*C22*/SET SCHEMA PUBLIC
DISCONNECT
/*C23*/SET SCHEMA PUBLIC
alter table mydata_msgdatas drop constraint UK_prho5o8y4wtlvnq5e0e7k3ly5
alter table mydata_msgdatas add constraint UK_prho5o8y4wtlvnq5e0e7k3ly5 unique (msgdatas_id)
INSERT INTO SUICA VALUES(2,'2019-11-15 16:09:32.288227','0:00:00','0114b573cd14ba33','0:0:0','\u51fa\u52e4','\u7531\u4e95\u5e83\u8a18')
ALTER SEQUENCE PUBLIC.HIBERNATE_SEQUENCE RESTART WITH 3
COMMIT
INSERT INTO SUICA VALUES(3,'2019-11-15 16:09:38.676078','0:00:06','0114b573cd14ba33','0:0:6','\u9000\u52e4','\u7531\u4e95\u5e83\u8a18')
ALTER SEQUENCE PUBLIC.HIBERNATE_SEQUENCE RESTART WITH 4
COMMIT
INSERT INTO SUICA VALUES(4,'2019-11-15 16:09:44.064183','0:00:00','0114b573cd14ba33','0:0:0','\u51fa\u52e4','\u7531\u4e95\u5e83\u8a18')
ALTER SEQUENCE PUBLIC.HIBERNATE_SEQUENCE RESTART WITH 5
COMMIT
INSERT INTO MANAGEMENT VALUES(5,'11\u67081\u65e5',NULL,'0114b573cd14ba33',NULL,NULL,NULL,'0:0:0',NULL,'\u91d1',2019)
ALTER SEQUENCE PUBLIC.HIBERNATE_SEQUENCE RESTART WITH 6
COMMIT
INSERT INTO MANAGEMENT VALUES(6,'11\u67082\u65e5',NULL,'0114b573cd14ba33',NULL,NULL,NULL,'0:0:0',NULL,'\u571f',2019)
ALTER SEQUENCE PUBLIC.HIBERNATE_SEQUENCE RESTART WITH 7
COMMIT
INSERT INTO MANAGEMENT VALUES(7,'11\u67083\u65e5',NULL,'0114b573cd14ba33',NULL,NULL,NULL,'0:0:0',NULL,'\u65e5',2019)
ALTER SEQUENCE PUBLIC.HIBERNATE_SEQUENCE RESTART WITH 8
COMMIT
INSERT INTO MANAGEMENT VALUES(8,'11\u67084\u65e5',NULL,'0114b573cd14ba33',NULL,NULL,NULL,'0:0:0',NULL,'\u6708',2019)
ALTER SEQUENCE PUBLIC.HIBERNATE_SEQUENCE RESTART WITH 9
COMMIT
INSERT INTO MANAGEMENT VALUES(9,'11\u67085\u65e5',NULL,'0114b573cd14ba33',NULL,NULL,NULL,'0:0:0',NULL,'\u706b',2019)
ALTER SEQUENCE PUBLIC.HIBERNATE_SEQUENCE RESTART WITH 10
COMMIT
INSERT INTO MANAGEMENT VALUES(10,'11\u67086\u65e5',NULL,'0114b573cd14ba33',NULL,NULL,NULL,'0:0:0',NULL,'\u6c34',2019)
ALTER SEQUENCE PUBLIC.HIBERNATE_SEQUENCE RESTART WITH 11
COMMIT
INSERT INTO MANAGEMENT VALUES(11,'11\u67087\u65e5',NULL,'0114b573cd14ba33',NULL,NULL,NULL,'0:0:0',NULL,'\u6728',2019)
ALTER SEQUENCE PUBLIC.HIBERNATE_SEQUENCE RESTART WITH 12
COMMIT
INSERT INTO MANAGEMENT VALUES(12,'11\u67088\u65e5',NULL,'0114b573cd14ba33',NULL,NULL,NULL,'0:0:0',NULL,'\u91d1',2019)
ALTER SEQUENCE PUBLIC.HIBERNATE_SEQUENCE RESTART WITH 13
COMMIT
INSERT INTO MANAGEMENT VALUES(13,'11\u67089\u65e5',NULL,'0114b573cd14ba33',NULL,NULL,NULL,'0:0:0',NULL,'\u571f',2019)
ALTER SEQUENCE PUBLIC.HIBERNATE_SEQUENCE RESTART WITH 14
COMMIT
INSERT INTO MANAGEMENT VALUES(14,'11\u670810\u65e5',NULL,'0114b573cd14ba33',NULL,NULL,NULL,'0:0:0',NULL,'\u65e5',2019)
ALTER SEQUENCE PUBLIC.HIBERNATE_SEQUENCE RESTART WITH 15
COMMIT
INSERT INTO MANAGEMENT VALUES(15,'11\u670811\u65e5',NULL,'0114b573cd14ba33',NULL,NULL,NULL,'0:0:0',NULL,'\u6708',2019)
ALTER SEQUENCE PUBLIC.HIBERNATE_SEQUENCE RESTART WITH 16
COMMIT
INSERT INTO MANAGEMENT VALUES(16,'11\u670812\u65e5',NULL,'0114b573cd14ba33',NULL,NULL,NULL,'0:0:0',NULL,'\u706b',2019)
ALTER SEQUENCE PUBLIC.HIBERNATE_SEQUENCE RESTART WITH 17
COMMIT
INSERT INTO MANAGEMENT VALUES(17,'11\u670813\u65e5',NULL,'0114b573cd14ba33',NULL,NULL,NULL,'0:0:0',NULL,'\u6c34',2019)
ALTER SEQUENCE PUBLIC.HIBERNATE_SEQUENCE RESTART WITH 18
COMMIT
INSERT INTO MANAGEMENT VALUES(18,'11\u670814\u65e5',NULL,'0114b573cd14ba33',NULL,NULL,NULL,'0:0:0',NULL,'\u6728',2019)
ALTER SEQUENCE PUBLIC.HIBERNATE_SEQUENCE RESTART WITH 19
COMMIT
INSERT INTO MANAGEMENT VALUES(19,'11\u670815\u65e5','16:9:38','0114b573cd14ba33',NULL,NULL,'16:9:44','0:0:6',NULL,'\u91d1',2019)
ALTER SEQUENCE PUBLIC.HIBERNATE_SEQUENCE RESTART WITH 20
COMMIT
INSERT INTO MANAGEMENT VALUES(20,'11\u670816\u65e5',NULL,'0114b573cd14ba33',NULL,NULL,NULL,'0:0:0',NULL,'\u571f',2019)
ALTER SEQUENCE PUBLIC.HIBERNATE_SEQUENCE RESTART WITH 21
COMMIT
INSERT INTO MANAGEMENT VALUES(21,'11\u670817\u65e5',NULL,'0114b573cd14ba33',NULL,NULL,NULL,'0:0:0',NULL,'\u65e5',2019)
ALTER SEQUENCE PUBLIC.HIBERNATE_SEQUENCE RESTART WITH 22
COMMIT
INSERT INTO MANAGEMENT VALUES(22,'11\u670818\u65e5',NULL,'0114b573cd14ba33',NULL,NULL,NULL,'0:0:0',NULL,'\u6708',2019)
ALTER SEQUENCE PUBLIC.HIBERNATE_SEQUENCE RESTART WITH 23
COMMIT
INSERT INTO MANAGEMENT VALUES(23,'11\u670819\u65e5',NULL,'0114b573cd14ba33',NULL,NULL,NULL,'0:0:0',NULL,'\u706b',2019)
ALTER SEQUENCE PUBLIC.HIBERNATE_SEQUENCE RESTART WITH 24
COMMIT
INSERT INTO MANAGEMENT VALUES(24,'11\u670820\u65e5',NULL,'0114b573cd14ba33',NULL,NULL,NULL,'0:0:0',NULL,'\u6c34',2019)
ALTER SEQUENCE PUBLIC.HIBERNATE_SEQUENCE RESTART WITH 25
COMMIT
INSERT INTO MANAGEMENT VALUES(25,'11\u670821\u65e5',NULL,'0114b573cd14ba33',NULL,NULL,NULL,'0:0:0',NULL,'\u6728',2019)
ALTER SEQUENCE PUBLIC.HIBERNATE_SEQUENCE RESTART WITH 26
COMMIT
INSERT INTO MANAGEMENT VALUES(26,'11\u670822\u65e5',NULL,'0114b573cd14ba33',NULL,NULL,NULL,'0:0:0',NULL,'\u91d1',2019)
ALTER SEQUENCE PUBLIC.HIBERNATE_SEQUENCE RESTART WITH 27
COMMIT
INSERT INTO MANAGEMENT VALUES(27,'11\u670823\u65e5',NULL,'0114b573cd14ba33',NULL,NULL,NULL,'0:0:0',NULL,'\u571f',2019)
ALTER SEQUENCE PUBLIC.HIBERNATE_SEQUENCE RESTART WITH 28
COMMIT
INSERT INTO MANAGEMENT VALUES(28,'11\u670824\u65e5',NULL,'0114b573cd14ba33',NULL,NULL,NULL,'0:0:0',NULL,'\u65e5',2019)
ALTER SEQUENCE PUBLIC.HIBERNATE_SEQUENCE RESTART WITH 29
COMMIT
INSERT INTO MANAGEMENT VALUES(29,'11\u670825\u65e5',NULL,'0114b573cd14ba33',NULL,NULL,NULL,'0:0:0',NULL,'\u6708',2019)
ALTER SEQUENCE PUBLIC.HIBERNATE_SEQUENCE RESTART WITH 30
COMMIT
INSERT INTO MANAGEMENT VALUES(30,'11\u670826\u65e5',NULL,'0114b573cd14ba33',NULL,NULL,NULL,'0:0:0',NULL,'\u706b',2019)
ALTER SEQUENCE PUBLIC.HIBERNATE_SEQUENCE RESTART WITH 31
COMMIT
INSERT INTO MANAGEMENT VALUES(31,'11\u670827\u65e5',NULL,'0114b573cd14ba33',NULL,NULL,NULL,'0:0:0',NULL,'\u6c34',2019)
ALTER SEQUENCE PUBLIC.HIBERNATE_SEQUENCE RESTART WITH 32
COMMIT
INSERT INTO MANAGEMENT VALUES(32,'11\u670828\u65e5',NULL,'0114b573cd14ba33',NULL,NULL,NULL,'0:0:0',NULL,'\u6728',2019)
ALTER SEQUENCE PUBLIC.HIBERNATE_SEQUENCE RESTART WITH 33
COMMIT
INSERT INTO MANAGEMENT VALUES(33,'11\u670829\u65e5',NULL,'0114b573cd14ba33',NULL,NULL,NULL,'0:0:0',NULL,'\u91d1',2019)
ALTER SEQUENCE PUBLIC.HIBERNATE_SEQUENCE RESTART WITH 34
COMMIT
INSERT INTO MANAGEMENT VALUES(34,'11\u670830\u65e5',NULL,'0114b573cd14ba33',NULL,NULL,NULL,'0:0:0',NULL,'\u571f',2019)
ALTER SEQUENCE PUBLIC.HIBERNATE_SEQUENCE RESTART WITH 35
COMMIT
DISCONNECT
/*C24*/SET SCHEMA PUBLIC
DISCONNECT
/*C25*/SET SCHEMA PUBLIC
DISCONNECT
/*C26*/SET SCHEMA PUBLIC
DISCONNECT
/*C27*/SET SCHEMA PUBLIC
DISCONNECT
/*C28*/SET SCHEMA PUBLIC
DISCONNECT
/*C29*/SET SCHEMA PUBLIC
DISCONNECT
/*C30*/SET SCHEMA PUBLIC
DISCONNECT
/*C31*/SET SCHEMA PUBLIC
DISCONNECT
/*C32*/SET SCHEMA PUBLIC
DISCONNECT
/*C33*/SET SCHEMA PUBLIC
alter table mydata_msgdatas drop constraint UK_prho5o8y4wtlvnq5e0e7k3ly5
alter table mydata_msgdatas add constraint UK_prho5o8y4wtlvnq5e0e7k3ly5 unique (msgdatas_id)
INSERT INTO MANAGEMENT VALUES(35,'11\u67081\u65e5',NULL,'0114b573cd14ba33',NULL,NULL,NULL,'0:0:0',NULL,'\u91d1',2019)
ALTER SEQUENCE PUBLIC.HIBERNATE_SEQUENCE RESTART WITH 36
COMMIT
INSERT INTO MANAGEMENT VALUES(36,'11\u67082\u65e5',NULL,'0114b573cd14ba33',NULL,NULL,NULL,'0:0:0',NULL,'\u571f',2019)
ALTER SEQUENCE PUBLIC.HIBERNATE_SEQUENCE RESTART WITH 37
COMMIT
INSERT INTO MANAGEMENT VALUES(37,'11\u67083\u65e5',NULL,'0114b573cd14ba33',NULL,NULL,NULL,'0:0:0',NULL,'\u65e5',2019)
ALTER SEQUENCE PUBLIC.HIBERNATE_SEQUENCE RESTART WITH 38
COMMIT
INSERT INTO MANAGEMENT VALUES(38,'11\u67084\u65e5',NULL,'0114b573cd14ba33',NULL,NULL,NULL,'0:0:0',NULL,'\u6708',2019)
ALTER SEQUENCE PUBLIC.HIBERNATE_SEQUENCE RESTART WITH 39
COMMIT
INSERT INTO MANAGEMENT VALUES(39,'11\u67085\u65e5',NULL,'0114b573cd14ba33',NULL,NULL,NULL,'0:0:0',NULL,'\u706b',2019)
ALTER SEQUENCE PUBLIC.HIBERNATE_SEQUENCE RESTART WITH 40
COMMIT
INSERT INTO MANAGEMENT VALUES(40,'11\u67086\u65e5',NULL,'0114b573cd14ba33',NULL,NULL,NULL,'0:0:0',NULL,'\u6c34',2019)
ALTER SEQUENCE PUBLIC.HIBERNATE_SEQUENCE RESTART WITH 41
COMMIT
INSERT INTO MANAGEMENT VALUES(41,'11\u67087\u65e5',NULL,'0114b573cd14ba33',NULL,NULL,NULL,'0:0:0',NULL,'\u6728',2019)
ALTER SEQUENCE PUBLIC.HIBERNATE_SEQUENCE RESTART WITH 42
COMMIT
INSERT INTO MANAGEMENT VALUES(42,'11\u67088\u65e5',NULL,'0114b573cd14ba33',NULL,NULL,NULL,'0:0:0',NULL,'\u91d1',2019)
ALTER SEQUENCE PUBLIC.HIBERNATE_SEQUENCE RESTART WITH 43
COMMIT
INSERT INTO MANAGEMENT VALUES(43,'11\u67089\u65e5',NULL,'0114b573cd14ba33',NULL,NULL,NULL,'0:0:0',NULL,'\u571f',2019)
ALTER SEQUENCE PUBLIC.HIBERNATE_SEQUENCE RESTART WITH 44
COMMIT
INSERT INTO MANAGEMENT VALUES(44,'11\u670810\u65e5',NULL,'0114b573cd14ba33',NULL,NULL,NULL,'0:0:0',NULL,'\u65e5',2019)
ALTER SEQUENCE PUBLIC.HIBERNATE_SEQUENCE RESTART WITH 45
COMMIT
INSERT INTO MANAGEMENT VALUES(45,'11\u670811\u65e5',NULL,'0114b573cd14ba33',NULL,NULL,NULL,'0:0:0',NULL,'\u6708',2019)
ALTER SEQUENCE PUBLIC.HIBERNATE_SEQUENCE RESTART WITH 46
COMMIT
INSERT INTO MANAGEMENT VALUES(46,'11\u670812\u65e5',NULL,'0114b573cd14ba33',NULL,NULL,NULL,'0:0:0',NULL,'\u706b',2019)
ALTER SEQUENCE PUBLIC.HIBERNATE_SEQUENCE RESTART WITH 47
COMMIT
INSERT INTO MANAGEMENT VALUES(47,'11\u670813\u65e5',NULL,'0114b573cd14ba33',NULL,NULL,NULL,'0:0:0',NULL,'\u6c34',2019)
ALTER SEQUENCE PUBLIC.HIBERNATE_SEQUENCE RESTART WITH 48
COMMIT
INSERT INTO MANAGEMENT VALUES(48,'11\u670814\u65e5',NULL,'0114b573cd14ba33',NULL,NULL,NULL,'0:0:0',NULL,'\u6728',2019)
ALTER SEQUENCE PUBLIC.HIBERNATE_SEQUENCE RESTART WITH 49
COMMIT
INSERT INTO MANAGEMENT VALUES(49,'11\u670815\u65e5','16:9:38','0114b573cd14ba33',NULL,NULL,'16:9:32','0:0:6',NULL,'\u91d1',2019)
ALTER SEQUENCE PUBLIC.HIBERNATE_SEQUENCE RESTART WITH 50
COMMIT
INSERT INTO MANAGEMENT VALUES(50,'11\u670816\u65e5',NULL,'0114b573cd14ba33',NULL,NULL,NULL,'0:0:0',NULL,'\u571f',2019)
ALTER SEQUENCE PUBLIC.HIBERNATE_SEQUENCE RESTART WITH 51
COMMIT
INSERT INTO MANAGEMENT VALUES(51,'11\u670817\u65e5',NULL,'0114b573cd14ba33',NULL,NULL,NULL,'0:0:0',NULL,'\u65e5',2019)
ALTER SEQUENCE PUBLIC.HIBERNATE_SEQUENCE RESTART WITH 52
COMMIT
INSERT INTO MANAGEMENT VALUES(52,'11\u670818\u65e5',NULL,'0114b573cd14ba33',NULL,NULL,NULL,'0:0:0',NULL,'\u6708',2019)
ALTER SEQUENCE PUBLIC.HIBERNATE_SEQUENCE RESTART WITH 53
COMMIT
INSERT INTO MANAGEMENT VALUES(53,'11\u670819\u65e5',NULL,'0114b573cd14ba33',NULL,NULL,NULL,'0:0:0',NULL,'\u706b',2019)
ALTER SEQUENCE PUBLIC.HIBERNATE_SEQUENCE RESTART WITH 54
COMMIT
INSERT INTO MANAGEMENT VALUES(54,'11\u670820\u65e5',NULL,'0114b573cd14ba33',NULL,NULL,NULL,'0:0:0',NULL,'\u6c34',2019)
ALTER SEQUENCE PUBLIC.HIBERNATE_SEQUENCE RESTART WITH 55
COMMIT
INSERT INTO MANAGEMENT VALUES(55,'11\u670821\u65e5',NULL,'0114b573cd14ba33',NULL,NULL,NULL,'0:0:0',NULL,'\u6728',2019)
ALTER SEQUENCE PUBLIC.HIBERNATE_SEQUENCE RESTART WITH 56
COMMIT
INSERT INTO MANAGEMENT VALUES(56,'11\u670822\u65e5',NULL,'0114b573cd14ba33',NULL,NULL,NULL,'0:0:0',NULL,'\u91d1',2019)
ALTER SEQUENCE PUBLIC.HIBERNATE_SEQUENCE RESTART WITH 57
COMMIT
INSERT INTO MANAGEMENT VALUES(57,'11\u670823\u65e5',NULL,'0114b573cd14ba33',NULL,NULL,NULL,'0:0:0',NULL,'\u571f',2019)
ALTER SEQUENCE PUBLIC.HIBERNATE_SEQUENCE RESTART WITH 58
COMMIT
INSERT INTO MANAGEMENT VALUES(58,'11\u670824\u65e5',NULL,'0114b573cd14ba33',NULL,NULL,NULL,'0:0:0',NULL,'\u65e5',2019)
ALTER SEQUENCE PUBLIC.HIBERNATE_SEQUENCE RESTART WITH 59
COMMIT
INSERT INTO MANAGEMENT VALUES(59,'11\u670825\u65e5',NULL,'0114b573cd14ba33',NULL,NULL,NULL,'0:0:0',NULL,'\u6708',2019)
ALTER SEQUENCE PUBLIC.HIBERNATE_SEQUENCE RESTART WITH 60
COMMIT
INSERT INTO MANAGEMENT VALUES(60,'11\u670826\u65e5',NULL,'0114b573cd14ba33',NULL,NULL,NULL,'0:0:0',NULL,'\u706b',2019)
ALTER SEQUENCE PUBLIC.HIBERNATE_SEQUENCE RESTART WITH 61
COMMIT
INSERT INTO MANAGEMENT VALUES(61,'11\u670827\u65e5',NULL,'0114b573cd14ba33',NULL,NULL,NULL,'0:0:0',NULL,'\u6c34',2019)
ALTER SEQUENCE PUBLIC.HIBERNATE_SEQUENCE RESTART WITH 62
COMMIT
INSERT INTO MANAGEMENT VALUES(62,'11\u670828\u65e5',NULL,'0114b573cd14ba33',NULL,NULL,NULL,'0:0:0',NULL,'\u6728',2019)
ALTER SEQUENCE PUBLIC.HIBERNATE_SEQUENCE RESTART WITH 63
COMMIT
INSERT INTO MANAGEMENT VALUES(63,'11\u670829\u65e5',NULL,'0114b573cd14ba33',NULL,NULL,NULL,'0:0:0',NULL,'\u91d1',2019)
ALTER SEQUENCE PUBLIC.HIBERNATE_SEQUENCE RESTART WITH 64
COMMIT
INSERT INTO MANAGEMENT VALUES(64,'11\u670830\u65e5',NULL,'0114b573cd14ba33',NULL,NULL,NULL,'0:0:0',NULL,'\u571f',2019)
ALTER SEQUENCE PUBLIC.HIBERNATE_SEQUENCE RESTART WITH 65
COMMIT
INSERT INTO SUICA VALUES(65,'2019-11-15 16:13:13.685561','0:03:29','0114b573cd14ba33','0:3:35','\u9000\u52e4','\u7531\u4e95\u5e83\u8a18')
ALTER SEQUENCE PUBLIC.HIBERNATE_SEQUENCE RESTART WITH 66
COMMIT
INSERT INTO MANAGEMENT VALUES(66,'11\u67081\u65e5',NULL,'0114b573cd14ba33',NULL,NULL,NULL,'0:0:0',NULL,'\u91d1',2019)
ALTER SEQUENCE PUBLIC.HIBERNATE_SEQUENCE RESTART WITH 67
COMMIT
INSERT INTO MANAGEMENT VALUES(67,'11\u67082\u65e5',NULL,'0114b573cd14ba33',NULL,NULL,NULL,'0:0:0',NULL,'\u571f',2019)
ALTER SEQUENCE PUBLIC.HIBERNATE_SEQUENCE RESTART WITH 68
COMMIT
INSERT INTO MANAGEMENT VALUES(68,'11\u67083\u65e5',NULL,'0114b573cd14ba33',NULL,NULL,NULL,'0:0:0',NULL,'\u65e5',2019)
ALTER SEQUENCE PUBLIC.HIBERNATE_SEQUENCE RESTART WITH 69
COMMIT
INSERT INTO MANAGEMENT VALUES(69,'11\u67084\u65e5',NULL,'0114b573cd14ba33',NULL,NULL,NULL,'0:0:0',NULL,'\u6708',2019)
ALTER SEQUENCE PUBLIC.HIBERNATE_SEQUENCE RESTART WITH 70
COMMIT
INSERT INTO MANAGEMENT VALUES(70,'11\u67085\u65e5',NULL,'0114b573cd14ba33',NULL,NULL,NULL,'0:0:0',NULL,'\u706b',2019)
ALTER SEQUENCE PUBLIC.HIBERNATE_SEQUENCE RESTART WITH 71
COMMIT
INSERT INTO MANAGEMENT VALUES(71,'11\u67086\u65e5',NULL,'0114b573cd14ba33',NULL,NULL,NULL,'0:0:0',NULL,'\u6c34',2019)
ALTER SEQUENCE PUBLIC.HIBERNATE_SEQUENCE RESTART WITH 72
COMMIT
INSERT INTO MANAGEMENT VALUES(72,'11\u67087\u65e5',NULL,'0114b573cd14ba33',NULL,NULL,NULL,'0:0:0',NULL,'\u6728',2019)
ALTER SEQUENCE PUBLIC.HIBERNATE_SEQUENCE RESTART WITH 73
COMMIT
INSERT INTO MANAGEMENT VALUES(73,'11\u67088\u65e5',NULL,'0114b573cd14ba33',NULL,NULL,NULL,'0:0:0',NULL,'\u91d1',2019)
ALTER SEQUENCE PUBLIC.HIBERNATE_SEQUENCE RESTART WITH 74
COMMIT
INSERT INTO MANAGEMENT VALUES(74,'11\u67089\u65e5',NULL,'0114b573cd14ba33',NULL,NULL,NULL,'0:0:0',NULL,'\u571f',2019)
ALTER SEQUENCE PUBLIC.HIBERNATE_SEQUENCE RESTART WITH 75
COMMIT
INSERT INTO MANAGEMENT VALUES(75,'11\u670810\u65e5',NULL,'0114b573cd14ba33',NULL,NULL,NULL,'0:0:0',NULL,'\u65e5',2019)
ALTER SEQUENCE PUBLIC.HIBERNATE_SEQUENCE RESTART WITH 76
COMMIT
INSERT INTO MANAGEMENT VALUES(76,'11\u670811\u65e5',NULL,'0114b573cd14ba33',NULL,NULL,NULL,'0:0:0',NULL,'\u6708',2019)
ALTER SEQUENCE PUBLIC.HIBERNATE_SEQUENCE RESTART WITH 77
COMMIT
INSERT INTO MANAGEMENT VALUES(77,'11\u670812\u65e5',NULL,'0114b573cd14ba33',NULL,NULL,NULL,'0:0:0',NULL,'\u706b',2019)
ALTER SEQUENCE PUBLIC.HIBERNATE_SEQUENCE RESTART WITH 78
COMMIT
INSERT INTO MANAGEMENT VALUES(78,'11\u670813\u65e5',NULL,'0114b573cd14ba33',NULL,NULL,NULL,'0:0:0',NULL,'\u6c34',2019)
ALTER SEQUENCE PUBLIC.HIBERNATE_SEQUENCE RESTART WITH 79
COMMIT
INSERT INTO MANAGEMENT VALUES(79,'11\u670814\u65e5',NULL,'0114b573cd14ba33',NULL,NULL,NULL,'0:0:0',NULL,'\u6728',2019)
ALTER SEQUENCE PUBLIC.HIBERNATE_SEQUENCE RESTART WITH 80
COMMIT
INSERT INTO MANAGEMENT VALUES(80,'11\u670815\u65e5','16:13:13','0114b573cd14ba33',NULL,NULL,'16:9:32','0:3:35',NULL,'\u91d1',2019)
ALTER SEQUENCE PUBLIC.HIBERNATE_SEQUENCE RESTART WITH 81
COMMIT
INSERT INTO MANAGEMENT VALUES(81,'11\u670816\u65e5',NULL,'0114b573cd14ba33',NULL,NULL,NULL,'0:0:0',NULL,'\u571f',2019)
ALTER SEQUENCE PUBLIC.HIBERNATE_SEQUENCE RESTART WITH 82
COMMIT
INSERT INTO MANAGEMENT VALUES(82,'11\u670817\u65e5',NULL,'0114b573cd14ba33',NULL,NULL,NULL,'0:0:0',NULL,'\u65e5',2019)
ALTER SEQUENCE PUBLIC.HIBERNATE_SEQUENCE RESTART WITH 83
COMMIT
INSERT INTO MANAGEMENT VALUES(83,'11\u670818\u65e5',NULL,'0114b573cd14ba33',NULL,NULL,NULL,'0:0:0',NULL,'\u6708',2019)
ALTER SEQUENCE PUBLIC.HIBERNATE_SEQUENCE RESTART WITH 84
COMMIT
INSERT INTO MANAGEMENT VALUES(84,'11\u670819\u65e5',NULL,'0114b573cd14ba33',NULL,NULL,NULL,'0:0:0',NULL,'\u706b',2019)
ALTER SEQUENCE PUBLIC.HIBERNATE_SEQUENCE RESTART WITH 85
COMMIT
INSERT INTO MANAGEMENT VALUES(85,'11\u670820\u65e5',NULL,'0114b573cd14ba33',NULL,NULL,NULL,'0:0:0',NULL,'\u6c34',2019)
ALTER SEQUENCE PUBLIC.HIBERNATE_SEQUENCE RESTART WITH 86
COMMIT
INSERT INTO MANAGEMENT VALUES(86,'11\u670821\u65e5',NULL,'0114b573cd14ba33',NULL,NULL,NULL,'0:0:0',NULL,'\u6728',2019)
ALTER SEQUENCE PUBLIC.HIBERNATE_SEQUENCE RESTART WITH 87
COMMIT
INSERT INTO MANAGEMENT VALUES(87,'11\u670822\u65e5',NULL,'0114b573cd14ba33',NULL,NULL,NULL,'0:0:0',NULL,'\u91d1',2019)
ALTER SEQUENCE PUBLIC.HIBERNATE_SEQUENCE RESTART WITH 88
COMMIT
INSERT INTO MANAGEMENT VALUES(88,'11\u670823\u65e5',NULL,'0114b573cd14ba33',NULL,NULL,NULL,'0:0:0',NULL,'\u571f',2019)
ALTER SEQUENCE PUBLIC.HIBERNATE_SEQUENCE RESTART WITH 89
COMMIT
INSERT INTO MANAGEMENT VALUES(89,'11\u670824\u65e5',NULL,'0114b573cd14ba33',NULL,NULL,NULL,'0:0:0',NULL,'\u65e5',2019)
ALTER SEQUENCE PUBLIC.HIBERNATE_SEQUENCE RESTART WITH 90
COMMIT
INSERT INTO MANAGEMENT VALUES(90,'11\u670825\u65e5',NULL,'0114b573cd14ba33',NULL,NULL,NULL,'0:0:0',NULL,'\u6708',2019)
ALTER SEQUENCE PUBLIC.HIBERNATE_SEQUENCE RESTART WITH 91
COMMIT
INSERT INTO MANAGEMENT VALUES(91,'11\u670826\u65e5',NULL,'0114b573cd14ba33',NULL,NULL,NULL,'0:0:0',NULL,'\u706b',2019)
ALTER SEQUENCE PUBLIC.HIBERNATE_SEQUENCE RESTART WITH 92
COMMIT
INSERT INTO MANAGEMENT VALUES(92,'11\u670827\u65e5',NULL,'0114b573cd14ba33',NULL,NULL,NULL,'0:0:0',NULL,'\u6c34',2019)
ALTER SEQUENCE PUBLIC.HIBERNATE_SEQUENCE RESTART WITH 93
COMMIT
INSERT INTO MANAGEMENT VALUES(93,'11\u670828\u65e5',NULL,'0114b573cd14ba33',NULL,NULL,NULL,'0:0:0',NULL,'\u6728',2019)
ALTER SEQUENCE PUBLIC.HIBERNATE_SEQUENCE RESTART WITH 94
COMMIT
INSERT INTO MANAGEMENT VALUES(94,'11\u670829\u65e5',NULL,'0114b573cd14ba33',NULL,NULL,NULL,'0:0:0',NULL,'\u91d1',2019)
ALTER SEQUENCE PUBLIC.HIBERNATE_SEQUENCE RESTART WITH 95
COMMIT
INSERT INTO MANAGEMENT VALUES(95,'11\u670830\u65e5',NULL,'0114b573cd14ba33',NULL,NULL,NULL,'0:0:0',NULL,'\u571f',2019)
ALTER SEQUENCE PUBLIC.HIBERNATE_SEQUENCE RESTART WITH 96
COMMIT
INSERT INTO SUICA VALUES(96,'2019-11-15 16:13:46.633993','0:00:00','0114b573cd14ba33','0:0:0','\u51fa\u52e4','\u7531\u4e95\u5e83\u8a18')
ALTER SEQUENCE PUBLIC.HIBERNATE_SEQUENCE RESTART WITH 97
COMMIT
INSERT INTO MANAGEMENT VALUES(97,'11\u67081\u65e5',NULL,'0114b573cd14ba33',NULL,NULL,NULL,'0:0:0',NULL,'\u91d1',2019)
ALTER SEQUENCE PUBLIC.HIBERNATE_SEQUENCE RESTART WITH 98
COMMIT
INSERT INTO MANAGEMENT VALUES(98,'11\u67082\u65e5',NULL,'0114b573cd14ba33',NULL,NULL,NULL,'0:0:0',NULL,'\u571f',2019)
ALTER SEQUENCE PUBLIC.HIBERNATE_SEQUENCE RESTART WITH 99
COMMIT
INSERT INTO MANAGEMENT VALUES(99,'11\u67083\u65e5',NULL,'0114b573cd14ba33',NULL,NULL,NULL,'0:0:0',NULL,'\u65e5',2019)
ALTER SEQUENCE PUBLIC.HIBERNATE_SEQUENCE RESTART WITH 100
COMMIT
INSERT INTO MANAGEMENT VALUES(100,'11\u67084\u65e5',NULL,'0114b573cd14ba33',NULL,NULL,NULL,'0:0:0',NULL,'\u6708',2019)
ALTER SEQUENCE PUBLIC.HIBERNATE_SEQUENCE RESTART WITH 101
COMMIT
INSERT INTO MANAGEMENT VALUES(101,'11\u67085\u65e5',NULL,'0114b573cd14ba33',NULL,NULL,NULL,'0:0:0',NULL,'\u706b',2019)
ALTER SEQUENCE PUBLIC.HIBERNATE_SEQUENCE RESTART WITH 102
COMMIT
INSERT INTO MANAGEMENT VALUES(102,'11\u67086\u65e5',NULL,'0114b573cd14ba33',NULL,NULL,NULL,'0:0:0',NULL,'\u6c34',2019)
ALTER SEQUENCE PUBLIC.HIBERNATE_SEQUENCE RESTART WITH 103
COMMIT
INSERT INTO MANAGEMENT VALUES(103,'11\u67087\u65e5',NULL,'0114b573cd14ba33',NULL,NULL,NULL,'0:0:0',NULL,'\u6728',2019)
ALTER SEQUENCE PUBLIC.HIBERNATE_SEQUENCE RESTART WITH 104
COMMIT
INSERT INTO MANAGEMENT VALUES(104,'11\u67088\u65e5',NULL,'0114b573cd14ba33',NULL,NULL,NULL,'0:0:0',NULL,'\u91d1',2019)
ALTER SEQUENCE PUBLIC.HIBERNATE_SEQUENCE RESTART WITH 105
COMMIT
INSERT INTO MANAGEMENT VALUES(105,'11\u67089\u65e5',NULL,'0114b573cd14ba33',NULL,NULL,NULL,'0:0:0',NULL,'\u571f',2019)
ALTER SEQUENCE PUBLIC.HIBERNATE_SEQUENCE RESTART WITH 106
COMMIT
INSERT INTO MANAGEMENT VALUES(106,'11\u670810\u65e5',NULL,'0114b573cd14ba33',NULL,NULL,NULL,'0:0:0',NULL,'\u65e5',2019)
ALTER SEQUENCE PUBLIC.HIBERNATE_SEQUENCE RESTART WITH 107
COMMIT
INSERT INTO MANAGEMENT VALUES(107,'11\u670811\u65e5',NULL,'0114b573cd14ba33',NULL,NULL,NULL,'0:0:0',NULL,'\u6708',2019)
ALTER SEQUENCE PUBLIC.HIBERNATE_SEQUENCE RESTART WITH 108
COMMIT
INSERT INTO MANAGEMENT VALUES(108,'11\u670812\u65e5',NULL,'0114b573cd14ba33',NULL,NULL,NULL,'0:0:0',NULL,'\u706b',2019)
ALTER SEQUENCE PUBLIC.HIBERNATE_SEQUENCE RESTART WITH 109
COMMIT
INSERT INTO MANAGEMENT VALUES(109,'11\u670813\u65e5',NULL,'0114b573cd14ba33',NULL,NULL,NULL,'0:0:0',NULL,'\u6c34',2019)
ALTER SEQUENCE PUBLIC.HIBERNATE_SEQUENCE RESTART WITH 110
COMMIT
INSERT INTO MANAGEMENT VALUES(110,'11\u670814\u65e5',NULL,'0114b573cd14ba33',NULL,NULL,NULL,'0:0:0',NULL,'\u6728',2019)
ALTER SEQUENCE PUBLIC.HIBERNATE_SEQUENCE RESTART WITH 111
COMMIT
INSERT INTO MANAGEMENT VALUES(111,'11\u670815\u65e5','16:13:13','0114b573cd14ba33',NULL,NULL,'16:9:32','0:3:35',NULL,'\u91d1',2019)
ALTER SEQUENCE PUBLIC.HIBERNATE_SEQUENCE RESTART WITH 112
COMMIT
INSERT INTO MANAGEMENT VALUES(112,'11\u670816\u65e5',NULL,'0114b573cd14ba33',NULL,NULL,NULL,'0:0:0',NULL,'\u571f',2019)
ALTER SEQUENCE PUBLIC.HIBERNATE_SEQUENCE RESTART WITH 113
COMMIT
INSERT INTO MANAGEMENT VALUES(113,'11\u670817\u65e5',NULL,'0114b573cd14ba33',NULL,NULL,NULL,'0:0:0',NULL,'\u65e5',2019)
ALTER SEQUENCE PUBLIC.HIBERNATE_SEQUENCE RESTART WITH 114
COMMIT
INSERT INTO MANAGEMENT VALUES(114,'11\u670818\u65e5',NULL,'0114b573cd14ba33',NULL,NULL,NULL,'0:0:0',NULL,'\u6708',2019)
ALTER SEQUENCE PUBLIC.HIBERNATE_SEQUENCE RESTART WITH 115
COMMIT
INSERT INTO MANAGEMENT VALUES(115,'11\u670819\u65e5',NULL,'0114b573cd14ba33',NULL,NULL,NULL,'0:0:0',NULL,'\u706b',2019)
ALTER SEQUENCE PUBLIC.HIBERNATE_SEQUENCE RESTART WITH 116
COMMIT
INSERT INTO MANAGEMENT VALUES(116,'11\u670820\u65e5',NULL,'0114b573cd14ba33',NULL,NULL,NULL,'0:0:0',NULL,'\u6c34',2019)
ALTER SEQUENCE PUBLIC.HIBERNATE_SEQUENCE RESTART WITH 117
COMMIT
INSERT INTO MANAGEMENT VALUES(117,'11\u670821\u65e5',NULL,'0114b573cd14ba33',NULL,NULL,NULL,'0:0:0',NULL,'\u6728',2019)
ALTER SEQUENCE PUBLIC.HIBERNATE_SEQUENCE RESTART WITH 118
COMMIT
INSERT INTO MANAGEMENT VALUES(118,'11\u670822\u65e5',NULL,'0114b573cd14ba33',NULL,NULL,NULL,'0:0:0',NULL,'\u91d1',2019)
ALTER SEQUENCE PUBLIC.HIBERNATE_SEQUENCE RESTART WITH 119
COMMIT
INSERT INTO MANAGEMENT VALUES(119,'11\u670823\u65e5',NULL,'0114b573cd14ba33',NULL,NULL,NULL,'0:0:0',NULL,'\u571f',2019)
ALTER SEQUENCE PUBLIC.HIBERNATE_SEQUENCE RESTART WITH 120
COMMIT
INSERT INTO MANAGEMENT VALUES(120,'11\u670824\u65e5',NULL,'0114b573cd14ba33',NULL,NULL,NULL,'0:0:0',NULL,'\u65e5',2019)
ALTER SEQUENCE PUBLIC.HIBERNATE_SEQUENCE RESTART WITH 121
COMMIT
INSERT INTO MANAGEMENT VALUES(121,'11\u670825\u65e5',NULL,'0114b573cd14ba33',NULL,NULL,NULL,'0:0:0',NULL,'\u6708',2019)
ALTER SEQUENCE PUBLIC.HIBERNATE_SEQUENCE RESTART WITH 122
COMMIT
INSERT INTO MANAGEMENT VALUES(122,'11\u670826\u65e5',NULL,'0114b573cd14ba33',NULL,NULL,NULL,'0:0:0',NULL,'\u706b',2019)
ALTER SEQUENCE PUBLIC.HIBERNATE_SEQUENCE RESTART WITH 123
COMMIT
INSERT INTO MANAGEMENT VALUES(123,'11\u670827\u65e5',NULL,'0114b573cd14ba33',NULL,NULL,NULL,'0:0:0',NULL,'\u6c34',2019)
ALTER SEQUENCE PUBLIC.HIBERNATE_SEQUENCE RESTART WITH 124
COMMIT
INSERT INTO MANAGEMENT VALUES(124,'11\u670828\u65e5',NULL,'0114b573cd14ba33',NULL,NULL,NULL,'0:0:0',NULL,'\u6728',2019)
ALTER SEQUENCE PUBLIC.HIBERNATE_SEQUENCE RESTART WITH 125
COMMIT
INSERT INTO MANAGEMENT VALUES(125,'11\u670829\u65e5',NULL,'0114b573cd14ba33',NULL,NULL,NULL,'0:0:0',NULL,'\u91d1',2019)
ALTER SEQUENCE PUBLIC.HIBERNATE_SEQUENCE RESTART WITH 126
COMMIT
INSERT INTO MANAGEMENT VALUES(126,'11\u670830\u65e5',NULL,'0114b573cd14ba33',NULL,NULL,NULL,'0:0:0',NULL,'\u571f',2019)
ALTER SEQUENCE PUBLIC.HIBERNATE_SEQUENCE RESTART WITH 127
COMMIT
INSERT INTO SUICA VALUES(127,'2019-11-15 16:14:35.384142','0:00:48','0114b573cd14ba33','0:4:23','\u9000\u52e4','\u7531\u4e95\u5e83\u8a18')
ALTER SEQUENCE PUBLIC.HIBERNATE_SEQUENCE RESTART WITH 128
COMMIT
INSERT INTO SUICA VALUES(128,'2019-11-15 16:16:04.861563','0:00:00','0114b573cd14ba33','0:0:0','\u51fa\u52e4','\u7531\u4e95\u5e83\u8a18')
ALTER SEQUENCE PUBLIC.HIBERNATE_SEQUENCE RESTART WITH 129
COMMIT
INSERT INTO MANAGEMENT VALUES(129,'11\u67081\u65e5',NULL,'0114b573cd14ba33',NULL,NULL,NULL,'0:0:0',NULL,'\u91d1',2019)
ALTER SEQUENCE PUBLIC.HIBERNATE_SEQUENCE RESTART WITH 130
COMMIT
INSERT INTO MANAGEMENT VALUES(130,'11\u67082\u65e5',NULL,'0114b573cd14ba33',NULL,NULL,NULL,'0:0:0',NULL,'\u571f',2019)
ALTER SEQUENCE PUBLIC.HIBERNATE_SEQUENCE RESTART WITH 131
COMMIT
INSERT INTO MANAGEMENT VALUES(131,'11\u67083\u65e5',NULL,'0114b573cd14ba33',NULL,NULL,NULL,'0:0:0',NULL,'\u65e5',2019)
ALTER SEQUENCE PUBLIC.HIBERNATE_SEQUENCE RESTART WITH 132
COMMIT
INSERT INTO MANAGEMENT VALUES(132,'11\u67084\u65e5',NULL,'0114b573cd14ba33',NULL,NULL,NULL,'0:0:0',NULL,'\u6708',2019)
ALTER SEQUENCE PUBLIC.HIBERNATE_SEQUENCE RESTART WITH 133
COMMIT
INSERT INTO MANAGEMENT VALUES(133,'11\u67085\u65e5',NULL,'0114b573cd14ba33',NULL,NULL,NULL,'0:0:0',NULL,'\u706b',2019)
ALTER SEQUENCE PUBLIC.HIBERNATE_SEQUENCE RESTART WITH 134
COMMIT
INSERT INTO MANAGEMENT VALUES(134,'11\u67086\u65e5',NULL,'0114b573cd14ba33',NULL,NULL,NULL,'0:0:0',NULL,'\u6c34',2019)
ALTER SEQUENCE PUBLIC.HIBERNATE_SEQUENCE RESTART WITH 135
COMMIT
INSERT INTO MANAGEMENT VALUES(135,'11\u67087\u65e5',NULL,'0114b573cd14ba33',NULL,NULL,NULL,'0:0:0',NULL,'\u6728',2019)
ALTER SEQUENCE PUBLIC.HIBERNATE_SEQUENCE RESTART WITH 136
COMMIT
INSERT INTO MANAGEMENT VALUES(136,'11\u67088\u65e5',NULL,'0114b573cd14ba33',NULL,NULL,NULL,'0:0:0',NULL,'\u91d1',2019)
ALTER SEQUENCE PUBLIC.HIBERNATE_SEQUENCE RESTART WITH 137
COMMIT
INSERT INTO MANAGEMENT VALUES(137,'11\u67089\u65e5',NULL,'0114b573cd14ba33',NULL,NULL,NULL,'0:0:0',NULL,'\u571f',2019)
ALTER SEQUENCE PUBLIC.HIBERNATE_SEQUENCE RESTART WITH 138
COMMIT
INSERT INTO MANAGEMENT VALUES(138,'11\u670810\u65e5',NULL,'0114b573cd14ba33',NULL,NULL,NULL,'0:0:0',NULL,'\u65e5',2019)
ALTER SEQUENCE PUBLIC.HIBERNATE_SEQUENCE RESTART WITH 139
COMMIT
INSERT INTO MANAGEMENT VALUES(139,'11\u670811\u65e5',NULL,'0114b573cd14ba33',NULL,NULL,NULL,'0:0:0',NULL,'\u6708',2019)
ALTER SEQUENCE PUBLIC.HIBERNATE_SEQUENCE RESTART WITH 140
COMMIT
INSERT INTO MANAGEMENT VALUES(140,'11\u670812\u65e5',NULL,'0114b573cd14ba33',NULL,NULL,NULL,'0:0:0',NULL,'\u706b',2019)
ALTER SEQUENCE PUBLIC.HIBERNATE_SEQUENCE RESTART WITH 141
COMMIT
INSERT INTO MANAGEMENT VALUES(141,'11\u670813\u65e5',NULL,'0114b573cd14ba33',NULL,NULL,NULL,'0:0:0',NULL,'\u6c34',2019)
ALTER SEQUENCE PUBLIC.HIBERNATE_SEQUENCE RESTART WITH 142
COMMIT
INSERT INTO MANAGEMENT VALUES(142,'11\u670814\u65e5',NULL,'0114b573cd14ba33',NULL,NULL,NULL,'0:0:0',NULL,'\u6728',2019)
ALTER SEQUENCE PUBLIC.HIBERNATE_SEQUENCE RESTART WITH 143
COMMIT
INSERT INTO MANAGEMENT VALUES(143,'11\u670815\u65e5','16:14:35','0114b573cd14ba33',NULL,NULL,'16:9:32','0:4:23',NULL,'\u91d1',2019)
ALTER SEQUENCE PUBLIC.HIBERNATE_SEQUENCE RESTART WITH 144
COMMIT
INSERT INTO MANAGEMENT VALUES(144,'11\u670816\u65e5',NULL,'0114b573cd14ba33',NULL,NULL,NULL,'0:0:0',NULL,'\u571f',2019)
ALTER SEQUENCE PUBLIC.HIBERNATE_SEQUENCE RESTART WITH 145
COMMIT
INSERT INTO MANAGEMENT VALUES(145,'11\u670817\u65e5',NULL,'0114b573cd14ba33',NULL,NULL,NULL,'0:0:0',NULL,'\u65e5',2019)
ALTER SEQUENCE PUBLIC.HIBERNATE_SEQUENCE RESTART WITH 146
COMMIT
INSERT INTO MANAGEMENT VALUES(146,'11\u670818\u65e5',NULL,'0114b573cd14ba33',NULL,NULL,NULL,'0:0:0',NULL,'\u6708',2019)
ALTER SEQUENCE PUBLIC.HIBERNATE_SEQUENCE RESTART WITH 147
COMMIT
INSERT INTO MANAGEMENT VALUES(147,'11\u670819\u65e5',NULL,'0114b573cd14ba33',NULL,NULL,NULL,'0:0:0',NULL,'\u706b',2019)
ALTER SEQUENCE PUBLIC.HIBERNATE_SEQUENCE RESTART WITH 148
COMMIT
INSERT INTO MANAGEMENT VALUES(148,'11\u670820\u65e5',NULL,'0114b573cd14ba33',NULL,NULL,NULL,'0:0:0',NULL,'\u6c34',2019)
ALTER SEQUENCE PUBLIC.HIBERNATE_SEQUENCE RESTART WITH 149
COMMIT
INSERT INTO MANAGEMENT VALUES(149,'11\u670821\u65e5',NULL,'0114b573cd14ba33',NULL,NULL,NULL,'0:0:0',NULL,'\u6728',2019)
ALTER SEQUENCE PUBLIC.HIBERNATE_SEQUENCE RESTART WITH 150
COMMIT
INSERT INTO MANAGEMENT VALUES(150,'11\u670822\u65e5',NULL,'0114b573cd14ba33',NULL,NULL,NULL,'0:0:0',NULL,'\u91d1',2019)
ALTER SEQUENCE PUBLIC.HIBERNATE_SEQUENCE RESTART WITH 151
COMMIT
INSERT INTO MANAGEMENT VALUES(151,'11\u670823\u65e5',NULL,'0114b573cd14ba33',NULL,NULL,NULL,'0:0:0',NULL,'\u571f',2019)
ALTER SEQUENCE PUBLIC.HIBERNATE_SEQUENCE RESTART WITH 152
COMMIT
INSERT INTO MANAGEMENT VALUES(152,'11\u670824\u65e5',NULL,'0114b573cd14ba33',NULL,NULL,NULL,'0:0:0',NULL,'\u65e5',2019)
ALTER SEQUENCE PUBLIC.HIBERNATE_SEQUENCE RESTART WITH 153
COMMIT
INSERT INTO MANAGEMENT VALUES(153,'11\u670825\u65e5',NULL,'0114b573cd14ba33',NULL,NULL,NULL,'0:0:0',NULL,'\u6708',2019)
ALTER SEQUENCE PUBLIC.HIBERNATE_SEQUENCE RESTART WITH 154
COMMIT
INSERT INTO MANAGEMENT VALUES(154,'11\u670826\u65e5',NULL,'0114b573cd14ba33',NULL,NULL,NULL,'0:0:0',NULL,'\u706b',2019)
ALTER SEQUENCE PUBLIC.HIBERNATE_SEQUENCE RESTART WITH 155
COMMIT
INSERT INTO MANAGEMENT VALUES(155,'11\u670827\u65e5',NULL,'0114b573cd14ba33',NULL,NULL,NULL,'0:0:0',NULL,'\u6c34',2019)
ALTER SEQUENCE PUBLIC.HIBERNATE_SEQUENCE RESTART WITH 156
COMMIT
INSERT INTO MANAGEMENT VALUES(156,'11\u670828\u65e5',NULL,'0114b573cd14ba33',NULL,NULL,NULL,'0:0:0',NULL,'\u6728',2019)
ALTER SEQUENCE PUBLIC.HIBERNATE_SEQUENCE RESTART WITH 157
COMMIT
INSERT INTO MANAGEMENT VALUES(157,'11\u670829\u65e5',NULL,'0114b573cd14ba33',NULL,NULL,NULL,'0:0:0',NULL,'\u91d1',2019)
ALTER SEQUENCE PUBLIC.HIBERNATE_SEQUENCE RESTART WITH 158
COMMIT
INSERT INTO MANAGEMENT VALUES(158,'11\u670830\u65e5',NULL,'0114b573cd14ba33',NULL,NULL,NULL,'0:0:0',NULL,'\u571f',2019)
ALTER SEQUENCE PUBLIC.HIBERNATE_SEQUENCE RESTART WITH 159
COMMIT
INSERT INTO SUICA VALUES(159,'2019-11-15 16:17:02.192299','0:00:57','0114b573cd14ba33','0:5:20','\u9000\u52e4','\u7531\u4e95\u5e83\u8a18')
ALTER SEQUENCE PUBLIC.HIBERNATE_SEQUENCE RESTART WITH 160
COMMIT
INSERT INTO MANAGEMENT VALUES(160,'11\u67081\u65e5',NULL,'0114b573cd14ba33',NULL,NULL,NULL,'0:0:0',NULL,'\u91d1',2019)
ALTER SEQUENCE PUBLIC.HIBERNATE_SEQUENCE RESTART WITH 161
COMMIT
INSERT INTO MANAGEMENT VALUES(161,'11\u67082\u65e5',NULL,'0114b573cd14ba33',NULL,NULL,NULL,'0:0:0',NULL,'\u571f',2019)
ALTER SEQUENCE PUBLIC.HIBERNATE_SEQUENCE RESTART WITH 162
COMMIT
INSERT INTO MANAGEMENT VALUES(162,'11\u67083\u65e5',NULL,'0114b573cd14ba33',NULL,NULL,NULL,'0:0:0',NULL,'\u65e5',2019)
ALTER SEQUENCE PUBLIC.HIBERNATE_SEQUENCE RESTART WITH 163
COMMIT
INSERT INTO MANAGEMENT VALUES(163,'11\u67084\u65e5',NULL,'0114b573cd14ba33',NULL,NULL,NULL,'0:0:0',NULL,'\u6708',2019)
ALTER SEQUENCE PUBLIC.HIBERNATE_SEQUENCE RESTART WITH 164
COMMIT
INSERT INTO MANAGEMENT VALUES(164,'11\u67085\u65e5',NULL,'0114b573cd14ba33',NULL,NULL,NULL,'0:0:0',NULL,'\u706b',2019)
ALTER SEQUENCE PUBLIC.HIBERNATE_SEQUENCE RESTART WITH 165
COMMIT
INSERT INTO MANAGEMENT VALUES(165,'11\u67086\u65e5',NULL,'0114b573cd14ba33',NULL,NULL,NULL,'0:0:0',NULL,'\u6c34',2019)
ALTER SEQUENCE PUBLIC.HIBERNATE_SEQUENCE RESTART WITH 166
COMMIT
INSERT INTO MANAGEMENT VALUES(166,'11\u67087\u65e5',NULL,'0114b573cd14ba33',NULL,NULL,NULL,'0:0:0',NULL,'\u6728',2019)
ALTER SEQUENCE PUBLIC.HIBERNATE_SEQUENCE RESTART WITH 167
COMMIT
INSERT INTO MANAGEMENT VALUES(167,'11\u67088\u65e5',NULL,'0114b573cd14ba33',NULL,NULL,NULL,'0:0:0',NULL,'\u91d1',2019)
ALTER SEQUENCE PUBLIC.HIBERNATE_SEQUENCE RESTART WITH 168
COMMIT
INSERT INTO MANAGEMENT VALUES(168,'11\u67089\u65e5',NULL,'0114b573cd14ba33',NULL,NULL,NULL,'0:0:0',NULL,'\u571f',2019)
ALTER SEQUENCE PUBLIC.HIBERNATE_SEQUENCE RESTART WITH 169
COMMIT
INSERT INTO MANAGEMENT VALUES(169,'11\u670810\u65e5',NULL,'0114b573cd14ba33',NULL,NULL,NULL,'0:0:0',NULL,'\u65e5',2019)
ALTER SEQUENCE PUBLIC.HIBERNATE_SEQUENCE RESTART WITH 170
COMMIT
INSERT INTO MANAGEMENT VALUES(170,'11\u670811\u65e5',NULL,'0114b573cd14ba33',NULL,NULL,NULL,'0:0:0',NULL,'\u6708',2019)
ALTER SEQUENCE PUBLIC.HIBERNATE_SEQUENCE RESTART WITH 171
COMMIT
INSERT INTO MANAGEMENT VALUES(171,'11\u670812\u65e5',NULL,'0114b573cd14ba33',NULL,NULL,NULL,'0:0:0',NULL,'\u706b',2019)
ALTER SEQUENCE PUBLIC.HIBERNATE_SEQUENCE RESTART WITH 172
COMMIT
INSERT INTO MANAGEMENT VALUES(172,'11\u670813\u65e5',NULL,'0114b573cd14ba33',NULL,NULL,NULL,'0:0:0',NULL,'\u6c34',2019)
ALTER SEQUENCE PUBLIC.HIBERNATE_SEQUENCE RESTART WITH 173
COMMIT
INSERT INTO MANAGEMENT VALUES(173,'11\u670814\u65e5',NULL,'0114b573cd14ba33',NULL,NULL,NULL,'0:0:0',NULL,'\u6728',2019)
ALTER SEQUENCE PUBLIC.HIBERNATE_SEQUENCE RESTART WITH 174
COMMIT
INSERT INTO MANAGEMENT VALUES(174,'11\u670815\u65e5','16:17:2','0114b573cd14ba33',NULL,NULL,'16:9:32','0:5:20',NULL,'\u91d1',2019)
ALTER SEQUENCE PUBLIC.HIBERNATE_SEQUENCE RESTART WITH 175
COMMIT
INSERT INTO MANAGEMENT VALUES(175,'11\u670816\u65e5',NULL,'0114b573cd14ba33',NULL,NULL,NULL,'0:0:0',NULL,'\u571f',2019)
ALTER SEQUENCE PUBLIC.HIBERNATE_SEQUENCE RESTART WITH 176
COMMIT
INSERT INTO MANAGEMENT VALUES(176,'11\u670817\u65e5',NULL,'0114b573cd14ba33',NULL,NULL,NULL,'0:0:0',NULL,'\u65e5',2019)
ALTER SEQUENCE PUBLIC.HIBERNATE_SEQUENCE RESTART WITH 177
COMMIT
INSERT INTO MANAGEMENT VALUES(177,'11\u670818\u65e5',NULL,'0114b573cd14ba33',NULL,NULL,NULL,'0:0:0',NULL,'\u6708',2019)
ALTER SEQUENCE PUBLIC.HIBERNATE_SEQUENCE RESTART WITH 178
COMMIT
INSERT INTO MANAGEMENT VALUES(178,'11\u670819\u65e5',NULL,'0114b573cd14ba33',NULL,NULL,NULL,'0:0:0',NULL,'\u706b',2019)
ALTER SEQUENCE PUBLIC.HIBERNATE_SEQUENCE RESTART WITH 179
COMMIT
INSERT INTO MANAGEMENT VALUES(179,'11\u670820\u65e5',NULL,'0114b573cd14ba33',NULL,NULL,NULL,'0:0:0',NULL,'\u6c34',2019)
ALTER SEQUENCE PUBLIC.HIBERNATE_SEQUENCE RESTART WITH 180
COMMIT
INSERT INTO MANAGEMENT VALUES(180,'11\u670821\u65e5',NULL,'0114b573cd14ba33',NULL,NULL,NULL,'0:0:0',NULL,'\u6728',2019)
ALTER SEQUENCE PUBLIC.HIBERNATE_SEQUENCE RESTART WITH 181
COMMIT
INSERT INTO MANAGEMENT VALUES(181,'11\u670822\u65e5',NULL,'0114b573cd14ba33',NULL,NULL,NULL,'0:0:0',NULL,'\u91d1',2019)
ALTER SEQUENCE PUBLIC.HIBERNATE_SEQUENCE RESTART WITH 182
COMMIT
INSERT INTO MANAGEMENT VALUES(182,'11\u670823\u65e5',NULL,'0114b573cd14ba33',NULL,NULL,NULL,'0:0:0',NULL,'\u571f',2019)
ALTER SEQUENCE PUBLIC.HIBERNATE_SEQUENCE RESTART WITH 183
COMMIT
INSERT INTO MANAGEMENT VALUES(183,'11\u670824\u65e5',NULL,'0114b573cd14ba33',NULL,NULL,NULL,'0:0:0',NULL,'\u65e5',2019)
ALTER SEQUENCE PUBLIC.HIBERNATE_SEQUENCE RESTART WITH 184
COMMIT
INSERT INTO MANAGEMENT VALUES(184,'11\u670825\u65e5',NULL,'0114b573cd14ba33',NULL,NULL,NULL,'0:0:0',NULL,'\u6708',2019)
ALTER SEQUENCE PUBLIC.HIBERNATE_SEQUENCE RESTART WITH 185
COMMIT
INSERT INTO MANAGEMENT VALUES(185,'11\u670826\u65e5',NULL,'0114b573cd14ba33',NULL,NULL,NULL,'0:0:0',NULL,'\u706b',2019)
ALTER SEQUENCE PUBLIC.HIBERNATE_SEQUENCE RESTART WITH 186
COMMIT
INSERT INTO MANAGEMENT VALUES(186,'11\u670827\u65e5',NULL,'0114b573cd14ba33',NULL,NULL,NULL,'0:0:0',NULL,'\u6c34',2019)
ALTER SEQUENCE PUBLIC.HIBERNATE_SEQUENCE RESTART WITH 187
COMMIT
INSERT INTO MANAGEMENT VALUES(187,'11\u670828\u65e5',NULL,'0114b573cd14ba33',NULL,NULL,NULL,'0:0:0',NULL,'\u6728',2019)
ALTER SEQUENCE PUBLIC.HIBERNATE_SEQUENCE RESTART WITH 188
COMMIT
INSERT INTO MANAGEMENT VALUES(188,'11\u670829\u65e5',NULL,'0114b573cd14ba33',NULL,NULL,NULL,'0:0:0',NULL,'\u91d1',2019)
ALTER SEQUENCE PUBLIC.HIBERNATE_SEQUENCE RESTART WITH 189
COMMIT
INSERT INTO MANAGEMENT VALUES(189,'11\u670830\u65e5',NULL,'0114b573cd14ba33',NULL,NULL,NULL,'0:0:0',NULL,'\u571f',2019)
ALTER SEQUENCE PUBLIC.HIBERNATE_SEQUENCE RESTART WITH 190
COMMIT
DISCONNECT
/*C34*/SET SCHEMA PUBLIC
DISCONNECT
/*C35*/SET SCHEMA PUBLIC
DISCONNECT
/*C36*/SET SCHEMA PUBLIC
DISCONNECT
/*C37*/SET SCHEMA PUBLIC
DISCONNECT
/*C38*/SET SCHEMA PUBLIC
DISCONNECT
/*C39*/SET SCHEMA PUBLIC
DISCONNECT
/*C40*/SET SCHEMA PUBLIC
DISCONNECT
/*C41*/SET SCHEMA PUBLIC
DISCONNECT
/*C42*/SET SCHEMA PUBLIC
DISCONNECT
/*C43*/SET SCHEMA PUBLIC
alter table mydata_msgdatas drop constraint UK_prho5o8y4wtlvnq5e0e7k3ly5
alter table mydata_msgdatas add constraint UK_prho5o8y4wtlvnq5e0e7k3ly5 unique (msgdatas_id)
DISCONNECT
/*C44*/SET SCHEMA PUBLIC
DISCONNECT
/*C45*/SET SCHEMA PUBLIC
DISCONNECT
/*C46*/SET SCHEMA PUBLIC
DISCONNECT
/*C47*/SET SCHEMA PUBLIC
DISCONNECT
/*C48*/SET SCHEMA PUBLIC
DISCONNECT
/*C49*/SET SCHEMA PUBLIC
DISCONNECT
/*C50*/SET SCHEMA PUBLIC
DISCONNECT
/*C51*/SET SCHEMA PUBLIC
DISCONNECT
/*C52*/SET SCHEMA PUBLIC
DISCONNECT
/*C53*/SET SCHEMA PUBLIC
alter table mydata_msgdatas drop constraint UK_prho5o8y4wtlvnq5e0e7k3ly5
alter table mydata_msgdatas add constraint UK_prho5o8y4wtlvnq5e0e7k3ly5 unique (msgdatas_id)
